{"C:\\Users\\Preston\\Documents\\GitHub\\Dinklebergs-Auction-House\\react-frontend\\src\\Components\\Category\\CategoryListings\\CategoryListings.jsx": {"path":"C:\\Users\\Preston\\Documents\\GitHub\\Dinklebergs-Auction-House\\react-frontend\\src\\Components\\Category\\CategoryListings\\CategoryListings.jsx","all":false,"statementMap":{"1":{"start":{"line":2,"column":0},"end":{"line":2,"column":45}},"2":{"start":{"line":3,"column":0},"end":{"line":3,"column":61}},"3":{"start":{"line":4,"column":0},"end":{"line":4,"column":66}},"4":{"start":{"line":5,"column":0},"end":{"line":5,"column":40}},"5":{"start":{"line":6,"column":0},"end":{"line":6,"column":26}},"6":{"start":{"line":7,"column":0},"end":{"line":7,"column":35}},"9":{"start":{"line":10,"column":0},"end":{"line":10,"column":33}},"10":{"start":{"line":11,"column":0},"end":{"line":11,"column":26}},"19":{"start":{"line":20,"column":0},"end":{"line":20,"column":40}},"20":{"start":{"line":21,"column":0},"end":{"line":21,"column":76}},"21":{"start":{"line":22,"column":0},"end":{"line":22,"column":82}},"22":{"start":{"line":23,"column":0},"end":{"line":23,"column":12}},"23":{"start":{"line":24,"column":0},"end":{"line":24,"column":32}},"25":{"start":{"line":26,"column":0},"end":{"line":26,"column":52}},"26":{"start":{"line":27,"column":0},"end":{"line":27,"column":66}},"27":{"start":{"line":28,"column":0},"end":{"line":28,"column":15}},"29":{"start":{"line":30,"column":0},"end":{"line":30,"column":62}},"30":{"start":{"line":31,"column":0},"end":{"line":31,"column":67}},"31":{"start":{"line":32,"column":0},"end":{"line":32,"column":15}},"33":{"start":{"line":34,"column":0},"end":{"line":34,"column":67}},"34":{"start":{"line":35,"column":0},"end":{"line":35,"column":15}},"36":{"start":{"line":37,"column":0},"end":{"line":37,"column":2}},"50":{"start":{"line":51,"column":0},"end":{"line":51,"column":32}},"51":{"start":{"line":52,"column":0},"end":{"line":52,"column":64}},"52":{"start":{"line":53,"column":0},"end":{"line":53,"column":80}},"54":{"start":{"line":55,"column":0},"end":{"line":55,"column":87}},"56":{"start":{"line":57,"column":0},"end":{"line":57,"column":80}},"59":{"start":{"line":60,"column":0},"end":{"line":60,"column":21}},"61":{"start":{"line":62,"column":0},"end":{"line":62,"column":27}},"62":{"start":{"line":63,"column":0},"end":{"line":63,"column":98}},"63":{"start":{"line":64,"column":0},"end":{"line":64,"column":77}},"64":{"start":{"line":65,"column":0},"end":{"line":65,"column":9}},"67":{"start":{"line":68,"column":0},"end":{"line":68,"column":57}},"68":{"start":{"line":69,"column":0},"end":{"line":69,"column":22}},"69":{"start":{"line":70,"column":0},"end":{"line":70,"column":51}},"70":{"start":{"line":71,"column":0},"end":{"line":71,"column":14}},"71":{"start":{"line":72,"column":0},"end":{"line":72,"column":21}},"72":{"start":{"line":73,"column":0},"end":{"line":73,"column":74}},"73":{"start":{"line":74,"column":0},"end":{"line":74,"column":58}},"74":{"start":{"line":75,"column":0},"end":{"line":75,"column":68}},"75":{"start":{"line":76,"column":0},"end":{"line":76,"column":13}},"76":{"start":{"line":77,"column":0},"end":{"line":77,"column":10}},"77":{"start":{"line":78,"column":0},"end":{"line":78,"column":90}},"78":{"start":{"line":79,"column":0},"end":{"line":79,"column":65}},"79":{"start":{"line":80,"column":0},"end":{"line":80,"column":58}},"82":{"start":{"line":83,"column":0},"end":{"line":83,"column":39}},"83":{"start":{"line":84,"column":0},"end":{"line":84,"column":39}},"84":{"start":{"line":85,"column":0},"end":{"line":85,"column":6}},"86":{"start":{"line":87,"column":0},"end":{"line":87,"column":12}},"87":{"start":{"line":88,"column":0},"end":{"line":88,"column":10}},"88":{"start":{"line":89,"column":0},"end":{"line":89,"column":62}},"89":{"start":{"line":90,"column":0},"end":{"line":90,"column":46}},"91":{"start":{"line":92,"column":0},"end":{"line":92,"column":51}},"92":{"start":{"line":93,"column":0},"end":{"line":93,"column":93}},"93":{"start":{"line":94,"column":0},"end":{"line":94,"column":47}},"94":{"start":{"line":95,"column":0},"end":{"line":95,"column":97}},"95":{"start":{"line":96,"column":0},"end":{"line":96,"column":30}},"96":{"start":{"line":97,"column":0},"end":{"line":97,"column":46}},"97":{"start":{"line":98,"column":0},"end":{"line":98,"column":52}},"98":{"start":{"line":99,"column":0},"end":{"line":99,"column":101}},"99":{"start":{"line":100,"column":0},"end":{"line":100,"column":62}},"100":{"start":{"line":101,"column":0},"end":{"line":101,"column":101}},"101":{"start":{"line":102,"column":0},"end":{"line":102,"column":99}},"102":{"start":{"line":103,"column":0},"end":{"line":103,"column":39}},"103":{"start":{"line":104,"column":0},"end":{"line":104,"column":34}},"104":{"start":{"line":105,"column":0},"end":{"line":105,"column":108}},"105":{"start":{"line":106,"column":0},"end":{"line":106,"column":87}},"106":{"start":{"line":107,"column":0},"end":{"line":107,"column":37}},"107":{"start":{"line":108,"column":0},"end":{"line":108,"column":105}},"108":{"start":{"line":109,"column":0},"end":{"line":109,"column":30}},"109":{"start":{"line":110,"column":0},"end":{"line":110,"column":26}},"110":{"start":{"line":111,"column":0},"end":{"line":111,"column":19}},"111":{"start":{"line":112,"column":0},"end":{"line":112,"column":18}},"112":{"start":{"line":113,"column":0},"end":{"line":113,"column":12}},"114":{"start":{"line":115,"column":0},"end":{"line":115,"column":2}},"117":{"start":{"line":118,"column":0},"end":{"line":118,"column":30}},"118":{"start":{"line":119,"column":0},"end":{"line":119,"column":30}},"119":{"start":{"line":120,"column":0},"end":{"line":120,"column":37}},"120":{"start":{"line":121,"column":0},"end":{"line":121,"column":38}},"121":{"start":{"line":122,"column":0},"end":{"line":122,"column":40}},"122":{"start":{"line":123,"column":0},"end":{"line":123,"column":40}},"123":{"start":{"line":124,"column":0},"end":{"line":124,"column":41}},"124":{"start":{"line":125,"column":0},"end":{"line":125,"column":40}},"125":{"start":{"line":126,"column":0},"end":{"line":126,"column":7}},"126":{"start":{"line":127,"column":0},"end":{"line":127,"column":2}},"128":{"start":{"line":129,"column":0},"end":{"line":129,"column":32}}},"s":{"1":1,"2":1,"3":1,"4":1,"5":1,"6":1,"9":1,"10":1,"19":1,"20":0,"21":0,"22":0,"23":0,"25":0,"26":0,"27":0,"29":0,"30":0,"31":0,"33":0,"34":0,"36":0,"50":1,"51":0,"52":0,"54":0,"56":0,"59":0,"61":0,"62":0,"63":0,"64":0,"67":0,"68":0,"69":0,"70":0,"71":0,"72":0,"73":0,"74":0,"75":0,"76":0,"77":0,"78":0,"79":0,"82":0,"83":0,"84":0,"86":0,"87":0,"88":0,"89":0,"91":0,"92":0,"93":0,"94":0,"95":0,"96":0,"97":0,"98":0,"99":0,"100":0,"101":0,"102":0,"103":0,"104":0,"105":0,"106":0,"107":0,"108":0,"109":0,"110":0,"111":0,"112":0,"114":0,"117":1,"118":1,"119":1,"120":1,"121":1,"122":1,"123":1,"124":1,"125":1,"126":1,"128":1},"branchMap":{},"b":{},"fnMap":{"0":{"name":"renderStars","decl":{"start":{"line":20,"column":20},"end":{"line":37,"column":2}},"loc":{"start":{"line":20,"column":20},"end":{"line":37,"column":2}},"line":20},"1":{"name":"CategoryListings","decl":{"start":{"line":51,"column":25},"end":{"line":115,"column":2}},"loc":{"start":{"line":51,"column":25},"end":{"line":115,"column":2}},"line":51}},"f":{"0":0,"1":0}}
,"C:\\Users\\Preston\\Documents\\GitHub\\Dinklebergs-Auction-House\\react-frontend\\src\\Components\\Listing\\Reviews\\Reviews.jsx": {"path":"C:\\Users\\Preston\\Documents\\GitHub\\Dinklebergs-Auction-House\\react-frontend\\src\\Components\\Listing\\Reviews\\Reviews.jsx","all":false,"statementMap":{"1":{"start":{"line":2,"column":0},"end":{"line":2,"column":44}},"2":{"start":{"line":3,"column":0},"end":{"line":3,"column":65}},"3":{"start":{"line":4,"column":0},"end":{"line":4,"column":26}},"4":{"start":{"line":5,"column":0},"end":{"line":5,"column":35}},"7":{"start":{"line":8,"column":0},"end":{"line":8,"column":24}},"16":{"start":{"line":17,"column":0},"end":{"line":17,"column":40}},"17":{"start":{"line":18,"column":0},"end":{"line":18,"column":50}},"18":{"start":{"line":19,"column":0},"end":{"line":19,"column":49}},"20":{"start":{"line":21,"column":0},"end":{"line":21,"column":12}},"21":{"start":{"line":22,"column":0},"end":{"line":22,"column":32}},"23":{"start":{"line":24,"column":0},"end":{"line":24,"column":54}},"24":{"start":{"line":25,"column":0},"end":{"line":25,"column":66}},"25":{"start":{"line":26,"column":0},"end":{"line":26,"column":15}},"27":{"start":{"line":28,"column":0},"end":{"line":28,"column":64}},"28":{"start":{"line":29,"column":0},"end":{"line":29,"column":67}},"29":{"start":{"line":30,"column":0},"end":{"line":30,"column":15}},"31":{"start":{"line":32,"column":0},"end":{"line":32,"column":67}},"32":{"start":{"line":33,"column":0},"end":{"line":33,"column":15}},"34":{"start":{"line":35,"column":0},"end":{"line":35,"column":2}},"50":{"start":{"line":51,"column":0},"end":{"line":51,"column":37}},"51":{"start":{"line":52,"column":0},"end":{"line":52,"column":47}},"54":{"start":{"line":55,"column":0},"end":{"line":55,"column":21}},"55":{"start":{"line":56,"column":0},"end":{"line":56,"column":56}},"56":{"start":{"line":57,"column":0},"end":{"line":57,"column":22}},"57":{"start":{"line":58,"column":0},"end":{"line":58,"column":51}},"58":{"start":{"line":59,"column":0},"end":{"line":59,"column":14}},"59":{"start":{"line":60,"column":0},"end":{"line":60,"column":21}},"60":{"start":{"line":61,"column":0},"end":{"line":61,"column":69}},"61":{"start":{"line":62,"column":0},"end":{"line":62,"column":57}},"62":{"start":{"line":63,"column":0},"end":{"line":63,"column":59}},"63":{"start":{"line":64,"column":0},"end":{"line":64,"column":54}},"64":{"start":{"line":65,"column":0},"end":{"line":65,"column":45}},"65":{"start":{"line":66,"column":0},"end":{"line":66,"column":14}},"66":{"start":{"line":67,"column":0},"end":{"line":67,"column":10}},"67":{"start":{"line":68,"column":0},"end":{"line":68,"column":90}},"68":{"start":{"line":69,"column":0},"end":{"line":69,"column":67}},"69":{"start":{"line":70,"column":0},"end":{"line":70,"column":21}},"71":{"start":{"line":72,"column":0},"end":{"line":72,"column":12}},"72":{"start":{"line":73,"column":0},"end":{"line":73,"column":39}},"73":{"start":{"line":74,"column":0},"end":{"line":74,"column":23}},"74":{"start":{"line":75,"column":0},"end":{"line":75,"column":48}},"75":{"start":{"line":76,"column":0},"end":{"line":76,"column":56}},"76":{"start":{"line":77,"column":0},"end":{"line":77,"column":46}},"77":{"start":{"line":78,"column":0},"end":{"line":78,"column":55}},"78":{"start":{"line":79,"column":0},"end":{"line":79,"column":57}},"79":{"start":{"line":80,"column":0},"end":{"line":80,"column":71}},"80":{"start":{"line":81,"column":0},"end":{"line":81,"column":30}},"81":{"start":{"line":82,"column":0},"end":{"line":82,"column":47}},"82":{"start":{"line":83,"column":0},"end":{"line":83,"column":51}},"83":{"start":{"line":84,"column":0},"end":{"line":84,"column":55}},"84":{"start":{"line":85,"column":0},"end":{"line":85,"column":30}},"85":{"start":{"line":86,"column":0},"end":{"line":86,"column":26}},"86":{"start":{"line":87,"column":0},"end":{"line":87,"column":19}},"87":{"start":{"line":88,"column":0},"end":{"line":88,"column":14}},"89":{"start":{"line":90,"column":0},"end":{"line":90,"column":2}},"92":{"start":{"line":93,"column":0},"end":{"line":93,"column":21}},"93":{"start":{"line":94,"column":0},"end":{"line":94,"column":33}},"94":{"start":{"line":95,"column":0},"end":{"line":95,"column":2}},"96":{"start":{"line":97,"column":0},"end":{"line":97,"column":23}}},"s":{"1":1,"2":1,"3":1,"4":1,"7":1,"16":1,"17":3,"18":3,"20":3,"21":3,"23":3,"24":15,"25":3,"27":3,"28":13,"29":3,"31":3,"32":3,"34":3,"50":1,"51":2,"54":2,"55":1,"56":1,"57":1,"58":1,"59":1,"60":1,"61":1,"62":1,"63":1,"64":1,"65":1,"66":1,"67":1,"68":1,"69":2,"71":2,"72":2,"73":2,"74":2,"75":3,"76":3,"77":3,"78":3,"79":3,"80":3,"81":3,"82":3,"83":3,"84":3,"85":3,"86":2,"87":2,"89":2,"92":1,"93":1,"94":1,"96":1},"branchMap":{"0":{"type":"branch","line":17,"loc":{"start":{"line":17,"column":20},"end":{"line":35,"column":2}},"locations":[{"start":{"line":17,"column":20},"end":{"line":35,"column":2}}]},"1":{"type":"branch","line":32,"loc":{"start":{"line":32,"column":13},"end":{"line":32,"column":67}},"locations":[{"start":{"line":32,"column":13},"end":{"line":32,"column":67}}]},"2":{"type":"branch","line":24,"loc":{"start":{"line":24,"column":39},"end":{"line":25,"column":66}},"locations":[{"start":{"line":24,"column":39},"end":{"line":25,"column":66}}]},"3":{"type":"branch","line":28,"loc":{"start":{"line":28,"column":49},"end":{"line":29,"column":67}},"locations":[{"start":{"line":28,"column":49},"end":{"line":29,"column":67}}]},"4":{"type":"branch","line":51,"loc":{"start":{"line":51,"column":16},"end":{"line":90,"column":2}},"locations":[{"start":{"line":51,"column":16},"end":{"line":90,"column":2}}]},"5":{"type":"branch","line":55,"loc":{"start":{"line":55,"column":14},"end":{"line":70,"column":7}},"locations":[{"start":{"line":55,"column":14},"end":{"line":70,"column":7}}]},"6":{"type":"branch","line":68,"loc":{"start":{"line":68,"column":18},"end":{"line":68,"column":55}},"locations":[{"start":{"line":68,"column":18},"end":{"line":68,"column":55}}]},"7":{"type":"branch","line":75,"loc":{"start":{"line":75,"column":28},"end":{"line":86,"column":26}},"locations":[{"start":{"line":75,"column":28},"end":{"line":86,"column":26}}]}},"b":{"0":[3],"1":[1],"2":[15],"3":[13],"4":[2],"5":[1],"6":[1],"7":[3]},"fnMap":{"0":{"name":"renderStars","decl":{"start":{"line":17,"column":20},"end":{"line":35,"column":2}},"loc":{"start":{"line":17,"column":20},"end":{"line":35,"column":2}},"line":17},"1":{"name":"Reviews","decl":{"start":{"line":51,"column":16},"end":{"line":90,"column":2}},"loc":{"start":{"line":51,"column":16},"end":{"line":90,"column":2}},"line":51}},"f":{"0":3,"1":2}}
,"C:\\Users\\Preston\\Documents\\GitHub\\Dinklebergs-Auction-House\\react-frontend\\src\\Components\\Listing\\Specifics\\Specifics.jsx": {"path":"C:\\Users\\Preston\\Documents\\GitHub\\Dinklebergs-Auction-House\\react-frontend\\src\\Components\\Listing\\Specifics\\Specifics.jsx","all":false,"statementMap":{"1":{"start":{"line":2,"column":0},"end":{"line":2,"column":35}},"4":{"start":{"line":5,"column":0},"end":{"line":5,"column":26}},"15":{"start":{"line":16,"column":0},"end":{"line":16,"column":36}},"16":{"start":{"line":17,"column":0},"end":{"line":17,"column":29}},"19":{"start":{"line":20,"column":0},"end":{"line":20,"column":9}},"20":{"start":{"line":21,"column":0},"end":{"line":21,"column":59}},"21":{"start":{"line":22,"column":0},"end":{"line":22,"column":17}},"23":{"start":{"line":24,"column":0},"end":{"line":24,"column":47}},"24":{"start":{"line":25,"column":0},"end":{"line":25,"column":5}},"26":{"start":{"line":27,"column":0},"end":{"line":27,"column":12}},"27":{"start":{"line":28,"column":0},"end":{"line":28,"column":35}},"28":{"start":{"line":29,"column":0},"end":{"line":29,"column":31}},"30":{"start":{"line":31,"column":0},"end":{"line":31,"column":53}},"32":{"start":{"line":33,"column":0},"end":{"line":33,"column":52}},"33":{"start":{"line":34,"column":0},"end":{"line":34,"column":28}},"34":{"start":{"line":35,"column":0},"end":{"line":35,"column":65}},"35":{"start":{"line":36,"column":0},"end":{"line":36,"column":59}},"36":{"start":{"line":37,"column":0},"end":{"line":37,"column":31}},"37":{"start":{"line":38,"column":0},"end":{"line":38,"column":29}},"40":{"start":{"line":41,"column":0},"end":{"line":41,"column":31}},"41":{"start":{"line":42,"column":0},"end":{"line":42,"column":61}},"42":{"start":{"line":43,"column":0},"end":{"line":43,"column":35}},"43":{"start":{"line":44,"column":0},"end":{"line":44,"column":77}},"44":{"start":{"line":45,"column":0},"end":{"line":45,"column":48}},"45":{"start":{"line":46,"column":0},"end":{"line":46,"column":50}},"46":{"start":{"line":47,"column":0},"end":{"line":47,"column":65}},"47":{"start":{"line":48,"column":0},"end":{"line":48,"column":37}},"48":{"start":{"line":49,"column":0},"end":{"line":49,"column":31}},"49":{"start":{"line":50,"column":0},"end":{"line":50,"column":36}},"50":{"start":{"line":51,"column":0},"end":{"line":51,"column":32}},"54":{"start":{"line":55,"column":0},"end":{"line":55,"column":42}},"57":{"start":{"line":58,"column":0},"end":{"line":58,"column":14}},"59":{"start":{"line":60,"column":0},"end":{"line":60,"column":2}},"61":{"start":{"line":62,"column":0},"end":{"line":62,"column":23}},"62":{"start":{"line":63,"column":0},"end":{"line":63,"column":30}},"63":{"start":{"line":64,"column":0},"end":{"line":64,"column":41}},"64":{"start":{"line":65,"column":0},"end":{"line":65,"column":7}},"65":{"start":{"line":66,"column":0},"end":{"line":66,"column":2}},"67":{"start":{"line":68,"column":0},"end":{"line":68,"column":25}}},"s":{"1":1,"4":1,"15":1,"16":5,"19":5,"20":5,"21":5,"23":2,"24":2,"26":5,"27":5,"28":5,"30":3,"32":2,"33":1,"34":1,"35":3,"36":1,"37":1,"40":1,"41":1,"42":1,"43":1,"44":3,"45":3,"46":3,"47":3,"48":1,"49":1,"50":1,"54":1,"57":5,"59":5,"61":1,"62":1,"63":1,"64":1,"65":1,"67":1},"branchMap":{"0":{"type":"branch","line":16,"loc":{"start":{"line":16,"column":18},"end":{"line":60,"column":2}},"locations":[{"start":{"line":16,"column":18},"end":{"line":60,"column":2}}]},"1":{"type":"branch","line":22,"loc":{"start":{"line":22,"column":4},"end":{"line":25,"column":5}},"locations":[{"start":{"line":22,"column":4},"end":{"line":25,"column":5}}]},"2":{"type":"branch","line":29,"loc":{"start":{"line":29,"column":13},"end":{"line":55,"column":42}},"locations":[{"start":{"line":29,"column":13},"end":{"line":55,"column":42}}]},"3":{"type":"branch","line":31,"loc":{"start":{"line":31,"column":41},"end":{"line":51,"column":32}},"locations":[{"start":{"line":31,"column":41},"end":{"line":51,"column":32}}]},"4":{"type":"branch","line":33,"loc":{"start":{"line":33,"column":47},"end":{"line":38,"column":29}},"locations":[{"start":{"line":33,"column":47},"end":{"line":38,"column":29}}]},"5":{"type":"branch","line":38,"loc":{"start":{"line":38,"column":24},"end":{"line":51,"column":32}},"locations":[{"start":{"line":38,"column":24},"end":{"line":51,"column":32}}]},"6":{"type":"branch","line":51,"loc":{"start":{"line":51,"column":24},"end":{"line":55,"column":42}},"locations":[{"start":{"line":51,"column":24},"end":{"line":55,"column":42}}]},"7":{"type":"branch","line":35,"loc":{"start":{"line":35,"column":47},"end":{"line":36,"column":59}},"locations":[{"start":{"line":35,"column":47},"end":{"line":36,"column":59}}]},"8":{"type":"branch","line":44,"loc":{"start":{"line":44,"column":60},"end":{"line":48,"column":37}},"locations":[{"start":{"line":44,"column":60},"end":{"line":48,"column":37}}]}},"b":{"0":[5],"1":[2],"2":[3],"3":[2],"4":[1],"5":[1],"6":[1],"7":[3],"8":[3]},"fnMap":{"0":{"name":"Specifics","decl":{"start":{"line":16,"column":18},"end":{"line":60,"column":2}},"loc":{"start":{"line":16,"column":18},"end":{"line":60,"column":2}},"line":16}},"f":{"0":5}}
,"C:\\Users\\Preston\\Documents\\GitHub\\Dinklebergs-Auction-House\\react-frontend\\src\\Components\\Search\\SearchListings\\SearchListings.jsx": {"path":"C:\\Users\\Preston\\Documents\\GitHub\\Dinklebergs-Auction-House\\react-frontend\\src\\Components\\Search\\SearchListings\\SearchListings.jsx","all":false,"statementMap":{"1":{"start":{"line":2,"column":0},"end":{"line":2,"column":44}},"2":{"start":{"line":3,"column":0},"end":{"line":3,"column":80}},"3":{"start":{"line":4,"column":0},"end":{"line":4,"column":65}},"4":{"start":{"line":5,"column":0},"end":{"line":5,"column":39}},"5":{"start":{"line":6,"column":0},"end":{"line":6,"column":35}},"6":{"start":{"line":7,"column":0},"end":{"line":7,"column":26}},"9":{"start":{"line":10,"column":0},"end":{"line":10,"column":31}},"18":{"start":{"line":19,"column":0},"end":{"line":19,"column":40}},"19":{"start":{"line":20,"column":0},"end":{"line":20,"column":86}},"20":{"start":{"line":21,"column":0},"end":{"line":21,"column":81}},"21":{"start":{"line":22,"column":0},"end":{"line":22,"column":12}},"22":{"start":{"line":23,"column":0},"end":{"line":23,"column":32}},"24":{"start":{"line":25,"column":0},"end":{"line":25,"column":52}},"25":{"start":{"line":26,"column":0},"end":{"line":26,"column":66}},"26":{"start":{"line":27,"column":0},"end":{"line":27,"column":15}},"28":{"start":{"line":29,"column":0},"end":{"line":29,"column":62}},"29":{"start":{"line":30,"column":0},"end":{"line":30,"column":67}},"30":{"start":{"line":31,"column":0},"end":{"line":31,"column":15}},"32":{"start":{"line":33,"column":0},"end":{"line":33,"column":67}},"33":{"start":{"line":34,"column":0},"end":{"line":34,"column":15}},"35":{"start":{"line":36,"column":0},"end":{"line":36,"column":2}},"56":{"start":{"line":57,"column":0},"end":{"line":57,"column":30}},"57":{"start":{"line":58,"column":0},"end":{"line":58,"column":83}},"58":{"start":{"line":59,"column":0},"end":{"line":59,"column":64}},"59":{"start":{"line":60,"column":0},"end":{"line":60,"column":80}},"61":{"start":{"line":62,"column":0},"end":{"line":62,"column":21}},"62":{"start":{"line":63,"column":0},"end":{"line":63,"column":119}},"65":{"start":{"line":66,"column":0},"end":{"line":66,"column":27}},"66":{"start":{"line":67,"column":0},"end":{"line":67,"column":65}},"67":{"start":{"line":68,"column":0},"end":{"line":68,"column":33}},"68":{"start":{"line":69,"column":0},"end":{"line":69,"column":9}},"70":{"start":{"line":71,"column":0},"end":{"line":71,"column":36}},"71":{"start":{"line":72,"column":0},"end":{"line":72,"column":40}},"72":{"start":{"line":73,"column":0},"end":{"line":73,"column":35}},"73":{"start":{"line":74,"column":0},"end":{"line":74,"column":9}},"74":{"start":{"line":75,"column":0},"end":{"line":75,"column":45}},"75":{"start":{"line":76,"column":0},"end":{"line":76,"column":39}},"76":{"start":{"line":77,"column":0},"end":{"line":77,"column":35}},"77":{"start":{"line":78,"column":0},"end":{"line":78,"column":9}},"80":{"start":{"line":81,"column":0},"end":{"line":81,"column":57}},"81":{"start":{"line":82,"column":0},"end":{"line":82,"column":22}},"82":{"start":{"line":83,"column":0},"end":{"line":83,"column":51}},"83":{"start":{"line":84,"column":0},"end":{"line":84,"column":14}},"84":{"start":{"line":85,"column":0},"end":{"line":85,"column":87}},"85":{"start":{"line":86,"column":0},"end":{"line":86,"column":10}},"86":{"start":{"line":87,"column":0},"end":{"line":87,"column":95}},"87":{"start":{"line":88,"column":0},"end":{"line":88,"column":61}},"88":{"start":{"line":89,"column":0},"end":{"line":89,"column":77}},"91":{"start":{"line":92,"column":0},"end":{"line":92,"column":39}},"92":{"start":{"line":93,"column":0},"end":{"line":93,"column":39}},"93":{"start":{"line":94,"column":0},"end":{"line":94,"column":5}},"95":{"start":{"line":96,"column":0},"end":{"line":96,"column":12}},"96":{"start":{"line":97,"column":0},"end":{"line":97,"column":40}},"97":{"start":{"line":98,"column":0},"end":{"line":98,"column":47}},"98":{"start":{"line":99,"column":0},"end":{"line":99,"column":53}},"99":{"start":{"line":100,"column":0},"end":{"line":100,"column":43}},"101":{"start":{"line":102,"column":0},"end":{"line":102,"column":93}},"102":{"start":{"line":103,"column":0},"end":{"line":103,"column":26}},"103":{"start":{"line":104,"column":0},"end":{"line":104,"column":42}},"105":{"start":{"line":106,"column":0},"end":{"line":106,"column":104}},"106":{"start":{"line":107,"column":0},"end":{"line":107,"column":43}},"107":{"start":{"line":108,"column":0},"end":{"line":108,"column":33}},"108":{"start":{"line":109,"column":0},"end":{"line":109,"column":48}},"110":{"start":{"line":111,"column":0},"end":{"line":111,"column":65}},"112":{"start":{"line":113,"column":0},"end":{"line":113,"column":58}},"113":{"start":{"line":114,"column":0},"end":{"line":114,"column":97}},"114":{"start":{"line":115,"column":0},"end":{"line":115,"column":61}},"115":{"start":{"line":116,"column":0},"end":{"line":116,"column":35}},"116":{"start":{"line":117,"column":0},"end":{"line":117,"column":30}},"117":{"start":{"line":118,"column":0},"end":{"line":118,"column":46}},"118":{"start":{"line":119,"column":0},"end":{"line":119,"column":86}},"119":{"start":{"line":120,"column":0},"end":{"line":120,"column":29}},"120":{"start":{"line":121,"column":0},"end":{"line":121,"column":55}},"122":{"start":{"line":123,"column":0},"end":{"line":123,"column":59}},"124":{"start":{"line":125,"column":0},"end":{"line":125,"column":37}},"125":{"start":{"line":126,"column":0},"end":{"line":126,"column":30}},"126":{"start":{"line":127,"column":0},"end":{"line":127,"column":26}},"127":{"start":{"line":128,"column":0},"end":{"line":128,"column":22}},"128":{"start":{"line":129,"column":0},"end":{"line":129,"column":15}},"129":{"start":{"line":130,"column":0},"end":{"line":130,"column":14}},"131":{"start":{"line":132,"column":0},"end":{"line":132,"column":1}},"134":{"start":{"line":135,"column":0},"end":{"line":135,"column":28}},"135":{"start":{"line":136,"column":0},"end":{"line":136,"column":34}},"136":{"start":{"line":137,"column":0},"end":{"line":137,"column":37}},"137":{"start":{"line":138,"column":0},"end":{"line":138,"column":38}},"138":{"start":{"line":139,"column":0},"end":{"line":139,"column":40}},"139":{"start":{"line":140,"column":0},"end":{"line":140,"column":40}},"140":{"start":{"line":141,"column":0},"end":{"line":141,"column":41}},"141":{"start":{"line":142,"column":0},"end":{"line":142,"column":40}},"142":{"start":{"line":143,"column":0},"end":{"line":143,"column":7}},"143":{"start":{"line":144,"column":0},"end":{"line":144,"column":2}},"145":{"start":{"line":146,"column":0},"end":{"line":146,"column":30}}},"s":{"1":1,"2":1,"3":1,"4":1,"5":1,"6":1,"9":1,"18":1,"19":6,"20":6,"21":6,"22":6,"24":6,"25":30,"26":6,"28":6,"29":24,"30":6,"32":6,"33":6,"35":6,"56":1,"57":6,"58":6,"59":6,"61":6,"62":3,"65":3,"66":0,"67":0,"68":0,"70":3,"71":0,"72":0,"73":0,"74":3,"75":0,"76":0,"77":0,"80":3,"81":3,"82":3,"83":3,"84":3,"85":3,"86":3,"87":3,"88":6,"91":6,"92":1,"93":1,"95":6,"96":6,"97":6,"98":6,"99":6,"101":6,"102":6,"103":6,"105":6,"106":6,"107":6,"108":6,"110":6,"112":6,"113":6,"114":6,"115":6,"116":6,"117":6,"118":6,"119":6,"120":6,"122":6,"124":6,"125":6,"126":6,"127":6,"128":6,"129":6,"131":6,"134":1,"135":1,"136":1,"137":1,"138":1,"139":1,"140":1,"141":1,"142":1,"143":1,"145":1},"branchMap":{"0":{"type":"branch","line":19,"loc":{"start":{"line":19,"column":20},"end":{"line":36,"column":2}},"locations":[{"start":{"line":19,"column":20},"end":{"line":36,"column":2}}]},"1":{"type":"branch","line":33,"loc":{"start":{"line":33,"column":13},"end":{"line":33,"column":67}},"locations":[{"start":{"line":33,"column":13},"end":{"line":33,"column":67}}]},"2":{"type":"branch","line":25,"loc":{"start":{"line":25,"column":37},"end":{"line":26,"column":66}},"locations":[{"start":{"line":25,"column":37},"end":{"line":26,"column":66}}]},"3":{"type":"branch","line":29,"loc":{"start":{"line":29,"column":47},"end":{"line":30,"column":67}},"locations":[{"start":{"line":29,"column":47},"end":{"line":30,"column":67}}]},"4":{"type":"branch","line":57,"loc":{"start":{"line":57,"column":23},"end":{"line":132,"column":1}},"locations":[{"start":{"line":57,"column":23},"end":{"line":132,"column":1}}]},"5":{"type":"branch","line":62,"loc":{"start":{"line":62,"column":14},"end":{"line":89,"column":7}},"locations":[{"start":{"line":62,"column":14},"end":{"line":89,"column":7}}]},"6":{"type":"branch","line":66,"loc":{"start":{"line":66,"column":26},"end":{"line":69,"column":9}},"locations":[{"start":{"line":66,"column":26},"end":{"line":69,"column":9}}]},"7":{"type":"branch","line":71,"loc":{"start":{"line":71,"column":35},"end":{"line":74,"column":9}},"locations":[{"start":{"line":71,"column":35},"end":{"line":74,"column":9}}]},"8":{"type":"branch","line":75,"loc":{"start":{"line":75,"column":44},"end":{"line":78,"column":9}},"locations":[{"start":{"line":75,"column":44},"end":{"line":78,"column":9}}]},"9":{"type":"branch","line":87,"loc":{"start":{"line":87,"column":18},"end":{"line":87,"column":55}},"locations":[{"start":{"line":87,"column":18},"end":{"line":87,"column":55}}]},"10":{"type":"branch","line":92,"loc":{"start":{"line":92,"column":30},"end":{"line":94,"column":5}},"locations":[{"start":{"line":92,"column":30},"end":{"line":94,"column":5}}]},"11":{"type":"branch","line":98,"loc":{"start":{"line":98,"column":26},"end":{"line":128,"column":22}},"locations":[{"start":{"line":98,"column":26},"end":{"line":128,"column":22}}]},"12":{"type":"branch","line":106,"loc":{"start":{"line":106,"column":59},"end":{"line":106,"column":104}},"locations":[{"start":{"line":106,"column":59},"end":{"line":106,"column":104}}]}},"b":{"0":[6],"1":[3],"2":[30],"3":[24],"4":[6],"5":[3],"6":[0],"7":[0],"8":[0],"9":[3],"10":[1],"11":[6],"12":[1]},"fnMap":{"0":{"name":"renderStars","decl":{"start":{"line":19,"column":20},"end":{"line":36,"column":2}},"loc":{"start":{"line":19,"column":20},"end":{"line":36,"column":2}},"line":19},"1":{"name":"SearchListings","decl":{"start":{"line":57,"column":23},"end":{"line":132,"column":1}},"loc":{"start":{"line":57,"column":23},"end":{"line":132,"column":1}},"line":57},"2":{"name":"navigateToListing","decl":{"start":{"line":92,"column":30},"end":{"line":94,"column":5}},"loc":{"start":{"line":92,"column":30},"end":{"line":94,"column":5}},"line":92},"3":{"name":"onClick","decl":{"start":{"line":106,"column":59},"end":{"line":106,"column":104}},"loc":{"start":{"line":106,"column":59},"end":{"line":106,"column":104}},"line":106}},"f":{"0":6,"1":6,"2":1,"3":1}}
}
